<?xml version="1.0" encoding="UTF-8"?>
<testng-results ignored="3" total="4" passed="1" failed="0" skipped="0">
  <reporter-output>
  </reporter-output>
  <suite started-at="2022-08-17T22:05:14 PDT" name="Default suite" finished-at="2022-08-17T22:05:24 PDT" duration-ms="9229">
    <groups>
    </groups>
    <test started-at="2022-08-17T22:05:14 PDT" name="Default test" finished-at="2022-08-17T22:05:24 PDT" duration-ms="9229">
      <class name="Pack1.Post_put_patch_delete">
        <test-method signature="test2_Put()[pri:0, instance:Pack1.Post_put_patch_delete@4d465b11]" started-at="2022-08-17T22:05:15 PDT" name="test2_Put" finished-at="2022-08-17T22:05:24 PDT" duration-ms="9073" status="PASS">
          <reporter-output>
          </reporter-output>
        </test-method> <!-- test2_Put -->
      </class> <!-- Pack1.Post_put_patch_delete -->
    </test> <!-- Default test -->
  </suite> <!-- Default suite -->
</testng-results>
