<?xml version="1.0" encoding="UTF-8"?>
<!-- Generated by org.testng.reporters.JUnitXMLReporter -->
<testsuite ignored="2" hostname="MacBook-Air.local" failures="0" tests="1" name="Default test" time="0.7" errors="0" timestamp="2023-01-31T12:15:32 PST">
  <testcase classname="Day4.parsing_jsonResponse" name="JsonResponse3" time="0.668"/>
  <testcase classname="Day4.parsing_jsonResponse" name="JsonResponse1" time="0.0">
    <ignored/>
  </testcase> <!-- JsonResponse1 -->
  <testcase classname="Day4.parsing_jsonResponse" name="JsonResponse2" time="0.0">
    <ignored/>
  </testcase> <!-- JsonResponse2 -->
</testsuite> <!-- Default test -->
