<?xml version="1.0" encoding="UTF-8"?>
<testng-results ignored="0" total="1" passed="1" failed="0" skipped="0">
  <reporter-output>
  </reporter-output>
  <suite started-at="2022-04-26T21:06:58 GMT-07:00" name="Default suite" finished-at="2022-04-26T21:08:00 GMT-07:00" duration-ms="61328">
    <groups>
    </groups>
    <test started-at="2022-04-26T21:06:58 GMT-07:00" name="Default test" finished-at="2022-04-26T21:08:00 GMT-07:00" duration-ms="61328">
      <class name="ca.amazon.www.testscripts.price_verification">
        <test-method is-config="true" signature="OpenApplication()[pri:0, instance:ca.amazon.www.testscripts.price_verification@36916eb0]" started-at="2022-04-26T21:06:58 GMT-07:00" name="OpenApplication" finished-at="2022-04-26T21:07:07 GMT-07:00" duration-ms="8436" status="PASS">
          <reporter-output>
          </reporter-output>
        </test-method> <!-- OpenApplication -->
        <test-method signature="verifyprodprice()[pri:0, instance:ca.amazon.www.testscripts.price_verification@36916eb0]" started-at="2022-04-26T21:07:07 GMT-07:00" name="verifyprodprice" finished-at="2022-04-26T21:07:59 GMT-07:00" duration-ms="52450" status="PASS">
          <reporter-output>
          </reporter-output>
        </test-method> <!-- verifyprodprice -->
        <test-method is-config="true" signature="CloseApplication()[pri:0, instance:ca.amazon.www.testscripts.price_verification@36916eb0]" started-at="2022-04-26T21:07:59 GMT-07:00" name="CloseApplication" finished-at="2022-04-26T21:08:00 GMT-07:00" duration-ms="374" status="PASS">
          <reporter-output>
          </reporter-output>
        </test-method> <!-- CloseApplication -->
      </class> <!-- ca.amazon.www.testscripts.price_verification -->
    </test> <!-- Default test -->
  </suite> <!-- Default suite -->
</testng-results>
