<?xml version="1.0" encoding="UTF-8"?>
<testng-results ignored="2" total="3" passed="1" failed="0" skipped="0">
  <reporter-output>
  </reporter-output>
  <suite started-at="2023-01-31T12:15:31 PST" name="Default suite" finished-at="2023-01-31T12:15:32 PST" duration-ms="700">
    <groups>
    </groups>
    <test started-at="2023-01-31T12:15:31 PST" name="Default test" finished-at="2023-01-31T12:15:32 PST" duration-ms="700">
      <class name="Day4.parsing_jsonResponse">
        <test-method signature="JsonResponse3()[pri:0, instance:Day4.parsing_jsonResponse@428640fa]" started-at="2023-01-31T12:15:31 PST" name="JsonResponse3" finished-at="2023-01-31T12:15:32 PST" duration-ms="668" status="PASS">
          <reporter-output>
          </reporter-output>
        </test-method> <!-- JsonResponse3 -->
      </class> <!-- Day4.parsing_jsonResponse -->
    </test> <!-- Default test -->
  </suite> <!-- Default suite -->
</testng-results>
