<?xml version="1.0" encoding="UTF-8"?>
<testng-results ignored="0" total="1" passed="1" failed="0" skipped="0">
  <reporter-output>
  </reporter-output>
  <suite started-at="2023-01-22T11:28:54 PST" name="Default suite" finished-at="2023-01-22T11:29:14 PST" duration-ms="19785">
    <groups>
    </groups>
    <test started-at="2023-01-22T11:28:54 PST" name="Default test" finished-at="2023-01-22T11:29:14 PST" duration-ms="19785">
      <class name="com.facebook.testcases.dropdown">
        <test-method is-config="true" signature="start()[pri:0, instance:com.facebook.testcases.dropdown@15043a2f]" started-at="2023-01-22T11:28:54 PST" name="start" finished-at="2023-01-22T11:29:06 PST" duration-ms="12466" status="PASS">
          <reporter-output>
          </reporter-output>
        </test-method> <!-- start -->
        <test-method signature="run()[pri:0, instance:com.facebook.testcases.dropdown@15043a2f]" started-at="2023-01-22T11:29:06 PST" name="run" finished-at="2023-01-22T11:29:14 PST" duration-ms="7284" status="PASS">
          <reporter-output>
          </reporter-output>
        </test-method> <!-- run -->
      </class> <!-- com.facebook.testcases.dropdown -->
    </test> <!-- Default test -->
  </suite> <!-- Default suite -->
</testng-results>
