<?xml version="1.0" encoding="UTF-8"?>
<testng-results ignored="0" total="1" passed="1" failed="0" skipped="0">
  <reporter-output>
  </reporter-output>
  <suite started-at="2022-06-14T21:57:44 GMT-07:00" name="Default suite" finished-at="2022-06-14T21:57:48 GMT-07:00" duration-ms="4143">
    <groups>
    </groups>
    <test started-at="2022-06-14T21:57:44 GMT-07:00" name="Default test" finished-at="2022-06-14T21:57:48 GMT-07:00" duration-ms="4143">
      <class name="test.test_delete">
        <test-method signature="Test_delete()[pri:0, instance:test.test_delete@32b260fa]" started-at="2022-06-14T21:57:44 GMT-07:00" name="Test_delete" finished-at="2022-06-14T21:57:48 GMT-07:00" duration-ms="4046" status="PASS">
          <reporter-output>
          </reporter-output>
        </test-method> <!-- Test_delete -->
      </class> <!-- test.test_delete -->
    </test> <!-- Default test -->
  </suite> <!-- Default suite -->
</testng-results>
