<?xml version="1.0" encoding="UTF-8"?>
<!-- Generated by org.testng.reporters.JUnitXMLReporter -->
<testsuite ignored="3" hostname="DESKTOP-MP5P5GA" failures="0" tests="1" name="Default test" time="9.229" errors="0" timestamp="2022-08-17T22:05:24 PDT">
  <testcase classname="Pack1.Post_put_patch_delete" name="test2_Put" time="9.073"/>
  <testcase classname="Pack1.Post_put_patch_delete" name="test4_Delete" time="0.0">
    <ignored/>
  </testcase> <!-- test4_Delete -->
  <testcase classname="Pack1.Post_put_patch_delete" name="test1_Post" time="0.0">
    <ignored/>
  </testcase> <!-- test1_Post -->
  <testcase classname="Pack1.Post_put_patch_delete" name="test3_Patch" time="0.0">
    <ignored/>
  </testcase> <!-- test3_Patch -->
</testsuite> <!-- Default test -->
